seed,55510
cribbage.RandomPlayer,P0
cribbage.RandomPlayer,P1
deal,P0,[2C,2H,7C,QC,QD,KH]
deal,P1,[AD,AH,TD,JS,QH,KC]
discard,P0,[2C,QC]
discard,P1,[JS,KC]
starter,8H
play,P0,2,2H
play,P1,3,AD
play,P0,13,QD
play,P1,23,QH
score,P1,2,2,rule,cards
play,P0,30,7C
play,P1,31,AH
score,P1,4,2,rule,cards
play,P0,10,KH
play,P1,20,TD
show,P0,8H+[2H,7C,QD,KH]
show,P1,8H+[AD,AH,TD,QH]
show,P1,8H+[AD,AH,TD,QH]
seed,55510
cribbage.RandomPlayer,P0
cribbage.RandomPlayer,P1
deal,P0,[2C,2H,7C,QC,QD,KH]
deal,P1,[AD,AH,TD,JS,QH,KC]
discard,P0,[2C,QC]
discard,P1,[JS,KC]
starter,8H
play,P0,2,2H
play,P1,3,AD
play,P0,13,QD
play,P1,23,QH
play,P0,30,7C
play,P1,31,AH
play,P0,10,KH
play,P1,20,TD
show,P0,8H+[2H,7C,QD,KH]
show,P1,8H+[AD,AH,TD,QH]
show,P1,8H+[AD,AH,TD,QH]
seed,55510
cribbage.RandomPlayer,P0
cribbage.RandomPlayer,P1
deal,P0,[2C,2H,7C,QC,QD,KH]
deal,P1,[AD,AH,TD,JS,QH,KC]
discard,P0,[2C,QC]
discard,P1,[JS,KC]
starter,8H
play,P0,2,2H
play,P1,3,AD
play,P0,13,QD
play,P1,23,QH
play,P0,30,7C
play,P1,31,AH
play,P0,10,KH
play,P1,20,TD
show,P0,8H+[2H,7C,QD,KH]
show,P1,8H+[AD,AH,TD,QH]
show,P1,8H+[AD,AH,TD,QH]
seed,55510
cribbage.RandomPlayer,P0
cribbage.RandomPlayer,P1
deal,P0,[2C,2H,7C,QC,QD,KH]
deal,P1,[AD,AH,TD,JS,QH,KC]
discard,P0,[2C,QC]
discard,P1,[JS,KC]
starter,8H
play,P0,2,2H
play,P1,3,AD
play,P0,13,QD
play,P1,23,QH
play,P0,30,7C
play,P1,31,AH
score,P1,4,2,thirtyone
play,P0,10,KH
play,P1,20,TD
show,P0,8H+[2H,7C,QD,KH]
show,P1,8H+[AD,AH,TD,QH]
show,P1,8H+[AD,AH,TD,QH]
seed,55510
cribbage.RandomPlayer,P0
cribbage.RandomPlayer,P1
deal,P0,[2C,2H,7C,QC,QD,KH]
deal,P1,[AD,AH,TD,JS,QH,KC]
discard,P0,[2C,QC]
discard,P1,[JS,KC]
starter,8H
play,P0,2,2H
play,P1,3,AD
play,P0,13,QD
play,P1,23,QH
play,P0,30,7C
play,P1,31,AH
score,P1,4,2,thirtyone
play,P0,10,KH
play,P1,20,TD
score,P1,7,1,go
show,P0,8H+[2H,7C,QD,KH]
show,P1,8H+[AD,AH,TD,QH]
show,P1,8H+[AD,AH,TD,QH]
seed,55510
cribbage.RandomPlayer,P0
cribbage.RandomPlayer,P1
deal,P0,[2C,2H,7C,QC,QD,KH]
deal,P1,[AD,AH,TD,JS,QH,KC]
discard,P0,[2C,QC]
discard,P1,[JS,KC]
starter,8H
play,P0,2,2H
play,P1,3,AD
play,P0,13,QD
play,P1,23,QH
score,P1,2,2,Pair
play,P0,30,7C
play,P1,31,AH
score,P1,4,2,thirtyone
play,P0,10,KH
play,P1,20,TD
score,P1,7,1,go
show,P0,8H+[2H,7C,QD,KH]
show,P1,8H+[AD,AH,TD,QH]
show,P1,8H+[AD,AH,TD,QH]
seed,55510
cribbage.RandomPlayer,P0
cribbage.RandomPlayer,P1
deal,P0,[2C,2H,7C,QC,QD,KH]
deal,P1,[AD,AH,TD,JS,QH,KC]
discard,P0,[2C,QC]
discard,P1,[JS,KC]
starter,8H
play,P0,2,2H
play,P1,3,AD
play,P0,13,QD
play,P1,23,QH
score,P1,2,2,Pair
play,P0,30,7C
play,P1,31,AH
score,P1,4,2,thirtyone
play,P0,10,KH
play,P1,20,TD
score,P1,7,1,go
show,P0,8H+[2H,7C,QD,KH]
show,P1,8H+[AD,AH,TD,QH]
show,P1,8H+[AD,AH,TD,QH]
seed,55510
cribbage.RandomPlayer,P0
cribbage.RandomPlayer,P1
deal,P0,[2C,2H,7C,QC,QD,KH]
deal,P1,[AD,AH,TD,JS,QH,KC]
discard,P0,[2C,QC]
discard,P1,[JS,KC]
starter,8H
play,P0,2,2H
play,P1,3,AD
play,P0,13,QD
play,P1,23,QH
score,P1,2,2,Pair
play,P0,30,7C
play,P1,31,AH
score,P1,4,2,thirtyone
play,P0,10,KH
play,P1,20,TD
score,P1,7,1,go
show,P0,8H+[2H,7C,QD,KH]
show,P1,8H+[AD,AH,TD,QH]
show,P1,8H+[AD,AH,TD,QH]
seed,55510
cribbage.RandomPlayer,P0
cribbage.RandomPlayer,P1
deal,P0,[2C,2H,7C,QC,QD,KH]
deal,P1,[AD,AH,TD,JS,QH,KC]
discard,P0,[2C,QC]
discard,P1,[JS,KC]
starter,8H
play,P0,2,2H
play,P1,3,AD
play,P0,13,QD
play,P1,23,QH
score,P1,2,2,Pair
play,P0,30,7C
play,P1,31,AH
score,P1,4,2,thirtyone
play,P0,10,KH
play,P1,20,TD
score,P1,7,1,go
show,P0,8H+[2H,7C,QD,KH]
show,P1,8H+[AD,AH,TD,QH]
show,P1,8H+[AD,AH,TD,QH]
seed,55510
cribbage.RandomPlayer,P0
cribbage.RandomPlayer,P1
deal,P0,[2C,2H,7C,QC,QD,KH]
deal,P1,[AD,AH,TD,JS,QH,KC]
discard,P0,[2C,QC]
discard,P1,[JS,KC]
starter,8H
play,P0,2,2H
play,P1,3,AD
play,P0,13,QD
play,P1,23,QH
score,P1,2,2,Pair
play,P0,30,7C
play,P1,31,AH
score,P1,4,2,thirtyone
play,P0,10,KH
play,P1,20,TD
score,P1,7,1,go
show,P0,8H+[2H,7C,QD,KH]
show,P1,8H+[AD,AH,TD,QH]
show,P1,8H+[AD,AH,TD,QH]
seed,55510
cribbage.RandomPlayer,P0
cribbage.RandomPlayer,P1
deal,P0,[2C,2H,7C,QC,QD,KH]
deal,P1,[AD,AH,TD,JS,QH,KC]
discard,P0,[2C,QC]
discard,P1,[JS,KC]
starter,8H
play,P0,2,2H
play,P1,3,AD
play,P0,13,QD
play,P1,23,QH
score,P1,2,2,Pair
play,P0,30,7C
play,P1,31,AH
score,P1,4,2,thirtyone
play,P0,10,KH
play,P1,20,TD
score,P1,7,1,go
show,P0,8H+[2H,7C,QD,KH]
show,P1,8H+[AD,AH,TD,QH]
show,P1,8H+[AD,AH,TD,QH]
seed,55510
cribbage.RandomPlayer,P0
cribbage.RandomPlayer,P1
deal,P0,[2C,2H,7C,QC,QD,KH]
deal,P1,[AD,AH,TD,JS,QH,KC]
discard,P0,[2C,QC]
discard,P1,[JS,KC]
starter,8H
play,P0,2,2H
play,P1,3,AD
play,P0,13,QD
play,P1,23,QH
score,P1,2,2,Pair
play,P0,30,7C
play,P1,31,AH
score,P1,4,2,thirtyone
play,P0,10,KH
play,P1,20,TD
score,P1,7,1,go
show,P0,8H+[2H,7C,QD,KH]
show,P1,8H+[AD,AH,TD,QH]
show,P1,8H+[AD,AH,TD,QH]
seed,55510
cribbage.RandomPlayer,P0
cribbage.RandomPlayer,P1
deal,P0,[2C,2H,7C,QC,QD,KH]
deal,P1,[AD,AH,TD,JS,QH,KC]
discard,P0,[2C,QC]
discard,P1,[JS,KC]
starter,8H
play,P0,2,2H
play,P1,3,AD
play,P0,13,QD
play,P1,23,QH
score,P1,2,2,Pair
play,P0,30,7C
play,P1,31,AH
score,P1,4,2,thirtyone
play,P0,10,KH
play,P1,20,TD
score,P1,7,1,go
show,P0,8H+[2H,7C,QD,KH]
show,P1,8H+[AD,AH,TD,QH]
show,P1,8H+[AD,AH,TD,QH]
seed,55510
cribbage.RandomPlayer,P0
cribbage.RandomPlayer,P1
deal,P0,[2C,2H,7C,QC,QD,KH]
deal,P1,[AD,AH,TD,JS,QH,KC]
discard,P0,[2C,QC]
discard,P1,[JS,KC]
starter,8H
play,P0,2,2H
play,P1,3,AD
play,P0,13,QD
play,P1,23,QH
score,P1,2,2,Pair
play,P0,30,7C
play,P1,31,AH
score,P1,4,2,thirtyone
play,P0,10,KH
play,P1,20,TD
show,P0,8H+[2H,7C,QD,KH]
show,P1,8H+[AD,AH,TD,QH]
show,P1,8H+[AD,AH,TD,QH]
seed,55510
cribbage.RandomPlayer,P0
cribbage.RandomPlayer,P1
deal,P0,[2C,2H,7C,QC,QD,KH]
deal,P1,[AD,AH,TD,JS,QH,KC]
discard,P0,[2C,QC]
discard,P1,[JS,KC]
starter,8H
play,P0,2,2H
play,P1,3,AD
play,P0,13,QD
play,P1,23,QH
score,P1,2,2,Pair
play,P0,30,7C
play,P1,31,AH
score,P1,4,2,thirtyone
play,P0,10,KH
play,P1,20,TD
score,P1,7,1,go
show,P0,8H+[2H,7C,QD,KH]
show,P1,8H+[AD,AH,TD,QH]
show,P1,8H+[AD,AH,TD,QH]
seed,55510
cribbage.RandomPlayer,P0
cribbage.RandomPlayer,P1
deal,P0,[2C,2H,7C,QC,QD,KH]
deal,P1,[AD,AH,TD,JS,QH,KC]
discard,P0,[2C,QC]
discard,P1,[JS,KC]
starter,8H
play,P0,2,2H
play,P1,3,AD
play,P0,13,QD
play,P1,23,QH
score,P1,2,2,Pair
play,P0,30,7C
play,P1,31,AH
score,P1,4,2,thirtyone
play,P0,10,KH
play,P1,20,TD
score,P1,7,1,go
show,P0,8H+[2H,7C,QD,KH]
show,P1,8H+[AD,AH,TD,QH]
show,P1,8H+[AD,AH,TD,QH]
seed,55510
cribbage.RandomPlayer,P0
cribbage.RandomPlayer,P1
deal,P0,[2C,2H,7C,QC,QD,KH]
deal,P1,[AD,AH,TD,JS,QH,KC]
discard,P0,[2C,QC]
discard,P1,[JS,KC]
starter,8H
play,P0,2,2H
play,P1,3,AD
play,P0,13,QD
play,P1,23,QH
score,P1,2,2,Pair
play,P0,30,7C
play,P1,31,AH
score,P1,4,2,thirtyone
play,P0,10,KH
play,P1,20,TD
score,P1,5,1,go
show,P0,8H+[2H,7C,QD,KH]
show,P1,8H+[AD,AH,TD,QH]
show,P1,8H+[AD,AH,TD,QH]
seed,30006
cribbage.RandomPlayer,P0
cribbage.RandomPlayer,P1
deal,P0,[AH,3H,4D,4S,7D,8C]
deal,P1,[AS,3S,6S,9S,TS,JS]
seed,1248
cribbage.HumanPlayer,P0
cribbage.HumanPlayer,P1
deal,P0,[AD,4S,7H,9S,JC,JS]
deal,P1,[3H,6H,8H,9C,9D,QD]
discard,P0,[AD,JS]
discard,P1,[3H,9D]
starter,3S
play,P0,9,9S
play,P1,17,8H
play,P0,24,7H
play,P1,30,6H
score,P1,5,1,go
play,P0,10,JC
play,P1,19,9C
play,P0,23,4S
score,P0,4,1,go
play,P1,10,QD
score,P1,6,1,go
show,P0,3S+[4S,7H,9S,JC]
show,P1,3S+[6H,8H,9C,QD]
show,P1,3S+[6H,8H,9C,QD]
seed,1248
cribbage.HumanPlayer,P0
cribbage.HumanPlayer,P1
deal,P0,[AD,4S,7H,9S,JC,JS]
deal,P1,[3H,6H,8H,9C,9D,QD]
discard,P0,[AD,JC]
discard,P1,[3H,QD]
starter,3S
play,P0,9,9S
play,P1,17,8H
play,P0,24,7H
play,P1,30,6H
score,P1,5,1,go
play,P0,10,JS
play,P1,19,9C
play,P0,23,4S
score,P0,4,1,go
play,P1,9,9D
score,P1,6,1,go
show,P0,3S+[4S,7H,9S,JS]
show,P1,3S+[6H,8H,9C,9D]
show,P1,3S+[6H,8H,9C,9D]
seed,1248
cribbage.HumanPlayer,P0
cribbage.HumanPlayer,P1
seed,12345
cribbage.RandomPlayer,P0
cribbage.RandomPlayer,P1
deal,P0,[2C,5H,6H,7C,JS,QH]
deal,P1,[2S,3S,5S,TH,JC,KH]
discard,P0,[5H,JS]
discard,P1,[5S,KH]
starter,7H
play,P0,10,QH
play,P1,20,JC
play,P0,22,2C
play,P1,25,3S
play,P0,31,6H
score,P0,2,2,thirtyone
play,P1,2,2S
play,P0,9,7C
play,P1,19,TH
score,P1,1,1,go
show,P0,7H+[2C,6H,7C,QH]
show,P1,7H+[2S,3S,TH,JC]
show,P1,7H+[2S,3S,TH,JC]
seed,12345
cribbage.RandomPlayer,P0
cribbage.RandomPlayer,P1
seed,12345
cribbage.RandomPlayer,P0
cribbage.RandomPlayer,P1
deal,P0,[2C,5H,6H,7C,JS,QH]
deal,P1,[2S,3S,5S,TH,JC,KH]
discard,P0,[5H,JS]
discard,P1,[5S,KH]
starter,7H
play,P0,10,QH
play,P1,20,JC
play,P0,22,2C
play,P1,25,3S
play,P0,31,6H
score,P0,2,2,thirtyone
play,P1,2,2S
play,P0,9,7C
play,P1,19,TH
score,P1,1,1,go
show,P0,7H+[2C,6H,7C,QH]
show,P1,7H+[2S,3S,TH,JC]
show,P1,7H+[2S,3S,TH,JC]
seed,12345
cribbage.RandomPlayer,P0
cribbage.RandomPlayer,P1
deal,P0,[2C,5H,6H,7C,JS,QH]
deal,P1,[2S,3S,5S,TH,JC,KH]
discard,P0,[5H,JS]
discard,P1,[5S,KH]
starter,7H
play,P0,10,QH
play,P1,20,JC
play,P0,22,2C
play,P1,25,3S
play,P0,31,6H
score,P0,2,2,thirtyone
play,P1,2,2S
play,P0,9,7C
play,P1,19,TH
score,P1,1,1,go
show,P0,7H+[2C,6H,7C,QH]
show,P1,7H+[2S,3S,TH,JC]
show,P1,7H+[2S,3S,TH,JC]
seed,12345
cribbage.RandomPlayer,P0
cribbage.RandomPlayer,P1
deal,P0,[2C,5H,6H,7C,JS,QH]
deal,P1,[2S,3S,5S,TH,JC,KH]
discard,P0,[5H,JS]
discard,P1,[5S,KH]
starter,7H
play,P0,10,QH
play,P1,20,JC
play,P0,22,2C
play,P1,25,3S
play,P0,31,6H
score,P0,2,2,thirtyone
play,P1,2,2S
play,P0,9,7C
play,P1,19,TH
score,P1,1,1,go
show,P0,7H+[2C,6H,7C,QH]
show,P1,7H+[2S,3S,TH,JC]
show,P1,7H+[2S,3S,TH,JC]
